# JRE version: Java(TM) SE Runtime Environment (26.0.2.1+1) (build 26.0.2.1+1-7)
# Java VM: Java HotSpot(TM) 64-Bit Server VM (26.0.2.1+1-7, mixed mode, emulated-client, sharing, tiered, compressed oops, compressed class ptrs, g1 gc, windows-amd64)
GC Precious Log:
 CardTable entry size: 512
 Card Set container configuration: InlinePtr #cards 5 size 8 Array Of Cards #cards 10 size 36 Howl #buckets 4 coarsen threshold 1843 Howl Bitmap #cards 512 size 80 coarsen threshold 460 Card regions per heap region 1 cards per card region 2048
 CPUs: 8 total, 8 available
 Memory: 7865M
 Large Page Support: Disabled
 NUMA Support: Disabled
 Compressed Oops: Enabled (32-bit)
 Heap Region Size: 1M
 Heap Min Capacity: 8M
 Heap Initial Capacity: 8M
 Heap Max Capacity: 1968M
 Pre-touch: Disabled
 Parallel Workers: 8
 Concurrent Workers: 2
 Concurrent Refinement Workers: 8
 Periodic GC: Disabled
Heap:
 garbage-first heap   total reserved 2015232K, committed 65536K, used 36567K [0x0000000085000000, 0x0000000100000000)
  region size 1M, 11 eden (11M), 1 survivor (1M), 25 old (25M), 1 humongous (1M), 26 free (26M)
GC Heap Usage History (20 events):
Event: 83634.698 {heap After GC invocations=49 (full 0):
 garbage-first heap   total reserved 2015232K, committed 66560K, used 26958K [0x0000000085000000, 0x0000000100000000)
  region size 1M, 0 eden (0M), 1 survivor (1M), 25 old (25M), 1 humongous (1M), 38 free (38M)
}
Event: 84674.734 {heap Before GC invocations=50 (full 0):
 garbage-first heap   total reserved 2015232K, committed 66560K, used 61774K [0x0000000085000000, 0x0000000100000000)
  region size 1M, 34 eden (34M), 1 survivor (1M), 25 old (25M), 1 humongous (1M), 4 free (4M)
}
Event: 84674.790 {heap After GC invocations=51 (full 0):
 garbage-first heap   total reserved 2015232K, committed 65536K, used 26898K [0x0000000085000000, 0x0000000100000000)
  region size 1M, 0 eden (0M), 1 survivor (1M), 25 old (25M), 1 humongous (1M), 37 free (37M)
}
Event: 85587.194 {heap Before GC invocations=51 (full 0):
 garbage-first heap   total reserved 2015232K, committed 65536K, used 60690K [0x0000000085000000, 0x0000000100000000)
  region size 1M, 33 eden (33M), 1 survivor (1M), 25 old (25M), 1 humongous (1M), 4 free (4M)
}
Event: 85587.283 {heap After GC invocations=52 (full 0):
 garbage-first heap   total reserved 2015232K, committed 65536K, used 26629K [0x0000000085000000, 0x0000000100000000)
  region size 1M, 0 eden (0M), 1 survivor (1M), 25 old (25M), 1 humongous (1M), 37 free (37M)
}
Event: 86609.528 {heap Before GC invocations=52 (full 0):
 garbage-first heap   total reserved 2015232K, committed 65536K, used 60421K [0x0000000085000000, 0x0000000100000000)
  region size 1M, 33 eden (33M), 1 survivor (1M), 25 old (25M), 1 humongous (1M), 4 free (4M)
}
Event: 86609.630 {heap After GC invocations=53 (full 0):
 garbage-first heap   total reserved 2015232K, committed 65536K, used 26563K [0x0000000085000000, 0x0000000100000000)
  region size 1M, 0 eden (0M), 1 survivor (1M), 25 old (25M), 1 humongous (1M), 37 free (37M)
}
Event: 87501.517 {heap Before GC invocations=54 (full 0):
 garbage-first heap   total reserved 2015232K, committed 65536K, used 60355K [0x0000000085000000, 0x0000000100000000)
  region size 1M, 33 eden (33M), 1 survivor (1M), 25 old (25M), 1 humongous (1M), 4 free (4M)
}
Event: 87501.609 {heap After GC invocations=55 (full 0):
 garbage-first heap   total reserved 2015232K, committed 65536K, used 26633K [0x0000000085000000, 0x0000000100000000)
  region size 1M, 0 eden (0M), 1 survivor (1M), 25 old (25M), 1 humongous (1M), 37 free (37M)
}
Event: 88525.707 {heap Before GC invocations=55 (full 0):
 garbage-first heap   total reserved 2015232K, committed 65536K, used 60425K [0x0000000085000000, 0x0000000100000000)
  region size 1M, 33 eden (33M), 1 survivor (1M), 25 old (25M), 1 humongous (1M), 4 free (4M)
}
Event: 88525.798 {heap After GC invocations=56 (full 0):
 garbage-first heap   total reserved 2015232K, committed 65536K, used 26408K [0x0000000085000000, 0x0000000100000000)
  region size 1M, 0 eden (0M), 1 survivor (1M), 25 old (25M), 1 humongous (1M), 37 free (37M)
}
Event: 89418.092 {heap Before GC invocations=56 (full 0):
 garbage-first heap   total reserved 2015232K, committed 65536K, used 60200K [0x0000000085000000, 0x0000000100000000)
  region size 1M, 33 eden (33M), 1 survivor (1M), 25 old (25M), 1 humongous (1M), 4 free (4M)
}
Event: 89418.170 {heap After GC invocations=57 (full 0):
 garbage-first heap   total reserved 2015232K, committed 65536K, used 26428K [0x0000000085000000, 0x0000000100000000)
  region size 1M, 0 eden (0M), 1 survivor (1M), 25 old (25M), 1 humongous (1M), 37 free (37M)
}
Event: 90356.167 {heap Before GC invocations=58 (full 0):
 garbage-first heap   total reserved 2015232K, committed 65536K, used 60220K [0x0000000085000000, 0x0000000100000000)
  region size 1M, 33 eden (33M), 1 survivor (1M), 25 old (25M), 1 humongous (1M), 4 free (4M)
}
Event: 90356.232 {heap After GC invocations=59 (full 0):
 garbage-first heap   total reserved 2015232K, committed 65536K, used 26410K [0x0000000085000000, 0x0000000100000000)
  region size 1M, 0 eden (0M), 1 survivor (1M), 25 old (25M), 1 humongous (1M), 37 free (37M)
}
Event: 91344.201 {heap Before GC invocations=59 (full 0):
 garbage-first heap   total reserved 2015232K, committed 65536K, used 60202K [0x0000000085000000, 0x0000000100000000)
  region size 1M, 33 eden (33M), 1 survivor (1M), 25 old (25M), 1 humongous (1M), 4 free (4M)
}
Event: 91344.300 {heap After GC invocations=60 (full 0):
 garbage-first heap   total reserved 2015232K, committed 65536K, used 26302K [0x0000000085000000, 0x0000000100000000)
  region size 1M, 0 eden (0M), 1 survivor (1M), 25 old (25M), 1 humongous (1M), 37 free (37M)
}
Event: 92256.209 {heap Before GC invocations=60 (full 0):
 garbage-first heap   total reserved 2015232K, committed 65536K, used 60094K [0x0000000085000000, 0x0000000100000000)
  region size 1M, 33 eden (33M), 1 survivor (1M), 25 old (25M), 1 humongous (1M), 4 free (4M)
}
Event: 92256.341 {heap After GC invocations=61 (full 0):
 garbage-first heap   total reserved 2015232K, committed 65536K, used 26327K [0x0000000085000000, 0x0000000100000000)
  region size 1M, 0 eden (0M), 1 survivor (1M), 25 old (25M), 1 humongous (1M), 37 free (37M)
}
Event: 92515.725 {heap Before GC invocations=62 (full 0):
 garbage-first heap   total reserved 2015232K, committed 65536K, used 36567K [0x0000000085000000, 0x0000000100000000)
  region size 1M, 11 eden (11M), 1 survivor (1M), 25 old (25M), 1 humongous (1M), 26 free (26M)
}

